<?xml version="1.0" encoding="UTF-8"?>
<!-- Generated by org.testng.reporters.JUnitReportReporter -->
<testsuite hostname="LAPTOP-61KPBHOV" name="com.testassignment02.driverscript.DriverScript" tests="1" failures="0" timestamp="31 Jan 2020 06:42:17 GMT" time="106.825" errors="0">
  <testcase name="executeTestScenarios" time="106.825" classname="com.testassignment02.driverscript.DriverScript"/>
</testsuite> <!-- com.testassignment02.driverscript.DriverScript -->
